<?xml version="1.0" encoding="UTF-8"?>
<testsuite name="PracticeStringsTest" tests="1" skipped="0" failures="0" errors="0" timestamp="2020-09-26T04:47:53" hostname="DESKTOP-556249J" time="0.002">
  <properties/>
  <testcase name="helloName" classname="PracticeStringsTest" time="0.002"/>
  <system-out><![CDATA[]]></system-out>
  <system-err><![CDATA[]]></system-err>
</testsuite>
